<?xml version="1.0"?>
<!DOCTYPE platform SYSTEM "http://simgrid.gforge.inria.fr/simgrid/simgrid.dtd">
<platform version="4.1">
    <zone id="AS0" routing="Full">
        <host id="Host1" speed="1000Gf" core="10"/>
        <host id="Host2" speed="1000Gf" core="10"/>
        <host id="Host3" speed="1000Gf" core="10"/>
        <host id="Host4" speed="1000Gf" core="10"/>
        <host id="BBHost0" speed="1000Gf" core="10">
            <prop id="bbhost" value="nersc-cori"/>
        </host>
        <link id="1" bandwidth="5000GBps" latency="0us"/>
        <link id="2" bandwidth="10000GBps" latency="0us">
            <prop id="bbtype" value="nersc-cori"/>
            <prop id="bbsize" value="10"/> <!-- size in GB -->
        </link>

        <route src="Host1" dst="Host2">
            <link_ctn id="1"/>
        </route>
        <route src="Host1" dst="Host3">
            <link_ctn id="1"/>
        </route>
        <route src="Host1" dst="Host4">
            <link_ctn id="1"/>
        </route>
        <route src="Host2" dst="Host3">
            <link_ctn id="1"/>
        </route>
        <route src="Host2" dst="Host4">
            <link_ctn id="1"/>
        </route>
        <route src="Host3" dst="Host4">
            <link_ctn id="1"/>
        </route>

        <route src="BBHost0" dst="Host1">
            <link_ctn id="2"/>
        </route>
        <route src="BBHost0" dst="Host2">
            <link_ctn id="2"/>
        </route>
        <route src="BBHost0" dst="Host3">
            <link_ctn id="2"/>
        </route>
        <route src="BBHost0" dst="Host4">
            <link_ctn id="2"/>
        </route>
    </zone>
</platform>
